1371886 execve("/home/jyniemit/projects/mnshell-worktrees/main/minishell", ["/home/jyniemit/projects/mnshell-"...], 0x7ffc02951578 /* 97 vars */) = 0
1371886 brk(NULL)                       = 0xb5ed000
1371886 arch_prctl(0x3001 /* ARCH_??? */, 0x7fff38d73610) = -1 EINVAL (Invalid argument)
1371886 mmap(NULL, 8192, PROT_READ|PROT_WRITE, MAP_PRIVATE|MAP_ANONYMOUS, -1, 0) = 0x7e5095ca2000
1371886 access("/etc/ld.so.preload", R_OK) = -1 ENOENT (No such file or directory)
1371886 openat(AT_FDCWD, "/etc/ld.so.cache", O_RDONLY|O_CLOEXEC) = 4
1371886 newfstatat(4, "", {st_mode=S_IFREG|0644, st_size=87432, ...}, AT_EMPTY_PATH) = 0
1371886 mmap(NULL, 87432, PROT_READ, MAP_PRIVATE, 4, 0) = 0x7e5095c8c000
1371886 close(4)                        = 0
1371886 openat(AT_FDCWD, "/lib/x86_64-linux-gnu/libreadline.so.8", O_RDONLY|O_CLOEXEC) = 4
1371886 read(4, "\177ELF\2\1\1\0\0\0\0\0\0\0\0\0\3\0>\0\1\0\0\0\0\0\0\0\0\0\0\0"..., 832) = 832
1371886 newfstatat(4, "", {st_mode=S_IFREG|0644, st_size=335936, ...}, AT_EMPTY_PATH) = 0
1371886 mmap(NULL, 343488, PROT_READ, MAP_PRIVATE|MAP_DENYWRITE, 4, 0) = 0x7e5095c38000
1371886 mprotect(0x7e5095c4c000, 225280, PROT_NONE) = 0
1371886 mmap(0x7e5095c4c000, 180224, PROT_READ|PROT_EXEC, MAP_PRIVATE|MAP_FIXED|MAP_DENYWRITE, 4, 0x14000) = 0x7e5095c4c000
1371886 mmap(0x7e5095c78000, 40960, PROT_READ, MAP_PRIVATE|MAP_FIXED|MAP_DENYWRITE, 4, 0x40000) = 0x7e5095c78000
1371886 mmap(0x7e5095c83000, 32768, PROT_READ|PROT_WRITE, MAP_PRIVATE|MAP_FIXED|MAP_DENYWRITE, 4, 0x4a000) = 0x7e5095c83000
1371886 mmap(0x7e5095c8b000, 3520, PROT_READ|PROT_WRITE, MAP_PRIVATE|MAP_FIXED|MAP_ANONYMOUS, -1, 0) = 0x7e5095c8b000
1371886 close(4)                        = 0
1371886 openat(AT_FDCWD, "/lib/x86_64-linux-gnu/libc.so.6", O_RDONLY|O_CLOEXEC) = 4
1371886 read(4, "\177ELF\2\1\1\3\0\0\0\0\0\0\0\0\3\0>\0\1\0\0\0P\237\2\0\0\0\0\0"..., 832) = 832
1371886 pread64(4, "\6\0\0\0\4\0\0\0@\0\0\0\0\0\0\0@\0\0\0\0\0\0\0@\0\0\0\0\0\0\0"..., 784, 64) = 784
1371886 pread64(4, "\4\0\0\0 \0\0\0\5\0\0\0GNU\0\2\0\0\300\4\0\0\0\3\0\0\0\0\0\0\0"..., 48, 848) = 48
1371886 pread64(4, "\4\0\0\0\24\0\0\0\3\0\0\0GNU\0O{\f\225\\=\201\327\312\301P\32$\230\266\235"..., 68, 896) = 68
1371886 newfstatat(4, "", {st_mode=S_IFREG|0755, st_size=2220400, ...}, AT_EMPTY_PATH) = 0
1371886 pread64(4, "\6\0\0\0\4\0\0\0@\0\0\0\0\0\0\0@\0\0\0\0\0\0\0@\0\0\0\0\0\0\0"..., 784, 64) = 784
1371886 mmap(NULL, 2264656, PROT_READ, MAP_PRIVATE|MAP_DENYWRITE, 4, 0) = 0x7e5095a00000
1371886 mprotect(0x7e5095a28000, 2023424, PROT_NONE) = 0
1371886 mmap(0x7e5095a28000, 1658880, PROT_READ|PROT_EXEC, MAP_PRIVATE|MAP_FIXED|MAP_DENYWRITE, 4, 0x28000) = 0x7e5095a28000
1371886 mmap(0x7e5095bbd000, 360448, PROT_READ, MAP_PRIVATE|MAP_FIXED|MAP_DENYWRITE, 4, 0x1bd000) = 0x7e5095bbd000
1371886 mmap(0x7e5095c16000, 24576, PROT_READ|PROT_WRITE, MAP_PRIVATE|MAP_FIXED|MAP_DENYWRITE, 4, 0x215000) = 0x7e5095c16000
1371886 mmap(0x7e5095c1c000, 52816, PROT_READ|PROT_WRITE, MAP_PRIVATE|MAP_FIXED|MAP_ANONYMOUS, -1, 0) = 0x7e5095c1c000
1371886 close(4)                        = 0
1371886 openat(AT_FDCWD, "/lib/x86_64-linux-gnu/libtinfo.so.6", O_RDONLY|O_CLOEXEC) = 4
1371886 read(4, "\177ELF\2\1\1\0\0\0\0\0\0\0\0\0\3\0>\0\1\0\0\0\0\0\0\0\0\0\0\0"..., 832) = 832
1371886 newfstatat(4, "", {st_mode=S_IFREG|0644, st_size=200136, ...}, AT_EMPTY_PATH) = 0
1371886 mmap(NULL, 203040, PROT_READ, MAP_PRIVATE|MAP_DENYWRITE, 4, 0) = 0x7e50959ce000
1371886 mmap(0x7e50959dc000, 69632, PROT_READ|PROT_EXEC, MAP_PRIVATE|MAP_FIXED|MAP_DENYWRITE, 4, 0xe000) = 0x7e50959dc000
1371886 mmap(0x7e50959ed000, 57344, PROT_READ, MAP_PRIVATE|MAP_FIXED|MAP_DENYWRITE, 4, 0x1f000) = 0x7e50959ed000
1371886 mmap(0x7e50959fb000, 20480, PROT_READ|PROT_WRITE, MAP_PRIVATE|MAP_FIXED|MAP_DENYWRITE, 4, 0x2c000) = 0x7e50959fb000
1371886 close(4)                        = 0
1371886 mmap(NULL, 12288, PROT_READ|PROT_WRITE, MAP_PRIVATE|MAP_ANONYMOUS, -1, 0) = 0x7e5095c35000
1371886 arch_prctl(ARCH_SET_FS, 0x7e5095c35740) = 0
1371886 set_tid_address(0x7e5095c35a10) = 1371886
1371886 set_robust_list(0x7e5095c35a20, 24) = 0
1371886 rseq(0x7e5095c360e0, 0x20, 0, 0x53053053) = 0
1371886 mprotect(0x7e5095c16000, 16384, PROT_READ) = 0
1371886 mprotect(0x7e50959fb000, 16384, PROT_READ) = 0
1371886 mprotect(0x7e5095c83000, 8192, PROT_READ) = 0
1371886 mprotect(0x40c000, 4096, PROT_READ) = 0
1371886 mprotect(0x7e5095cdc000, 8192, PROT_READ) = 0
1371886 prlimit64(0, RLIMIT_STACK, NULL, {rlim_cur=8192*1024, rlim_max=RLIM64_INFINITY}) = 0
1371886 munmap(0x7e5095c8c000, 87432)   = 0
1371886 getrandom("\x6c\x6a\x06\xb4\x45\x88\x5f\xcd", 8, GRND_NONBLOCK) = 8
1371886 brk(NULL)                       = 0xb5ed000
1371886 brk(0xb60e000)                  = 0xb60e000
1371886 getcwd("/home/jyniemit/projects/mnshell-worktrees/main", 4096) = 47
1371886 rt_sigaction(SIGINT, {sa_handler=0x407040, sa_mask=[], sa_flags=SA_RESTORER|SA_RESTART, sa_restorer=0x7e5095a42520}, {sa_handler=SIG_DFL, sa_mask=[], sa_flags=0}, 8) = 0
1371886 rt_sigaction(SIGQUIT, {sa_handler=SIG_IGN, sa_mask=[], sa_flags=SA_RESTORER, sa_restorer=0x7e5095a42520}, {sa_handler=SIG_DFL, sa_mask=[], sa_flags=0}, 8) = 0
1371886 rt_sigaction(SIGTERM, {sa_handler=0x407040, sa_mask=[], sa_flags=SA_RESTORER|SA_RESTART, sa_restorer=0x7e5095a42520}, {sa_handler=SIG_DFL, sa_mask=[], sa_flags=0}, 8) = 0
1371886 ioctl(0, TIOCGWINSZ, 0x7fff38ce58f0) = -1 ENOTTY (Inappropriate ioctl for device)
1371886 ioctl(1, TCGETS, 0x7fff38ce5860) = -1 ENOTTY (Inappropriate ioctl for device)
1371886 getuid()                        = 6386
1371886 geteuid()                       = 6386
1371886 getgid()                        = 4220
1371886 getegid()                       = 4220
1371886 getuid()                        = 6386
1371886 geteuid()                       = 6386
1371886 getgid()                        = 4220
1371886 getegid()                       = 4220
1371886 newfstatat(AT_FDCWD, "/home/jyniemit/.local/kitty.app/lib/kitty/terminfo", {st_mode=S_IFDIR|0755, st_size=58, ...}, 0) = 0
1371886 newfstatat(AT_FDCWD, "/home/jyniemit/.terminfo", 0xb5f3840, 0) = -1 ENOENT (No such file or directory)
1371886 newfstatat(AT_FDCWD, "/etc/terminfo", {st_mode=S_IFDIR|0755, st_size=4096, ...}, 0) = 0
1371886 newfstatat(AT_FDCWD, "/lib/terminfo", {st_mode=S_IFDIR|0755, st_size=4096, ...}, 0) = 0
1371886 newfstatat(AT_FDCWD, "/usr/share/terminfo", {st_mode=S_IFDIR|0755, st_size=4096, ...}, 0) = 0
1371886 access("/home/jyniemit/.local/kitty.app/lib/kitty/terminfo/x/xterm-kitty", R_OK) = 0
1371886 openat(AT_FDCWD, "/home/jyniemit/.local/kitty.app/lib/kitty/terminfo/x/xterm-kitty", O_RDONLY) = 4
1371886 newfstatat(4, "", {st_mode=S_IFREG|0644, st_size=3711, ...}, AT_EMPTY_PATH) = 0
1371886 read(4, "\32\1\25\0\34\0\17\0i\1\263\5xterm-kitty|KovIdTTY"..., 32768) = 3711
1371886 read(4, "", 28672)              = 0
1371886 close(4)                        = 0
1371886 ioctl(2, TCGETS, 0x7fff38ce5860) = -1 ENOTTY (Inappropriate ioctl for device)
1371886 ioctl(2, TCGETS, 0x7fff38ce5760) = -1 ENOTTY (Inappropriate ioctl for device)
1371886 ioctl(0, TIOCGWINSZ, 0x7fff38ce5988) = -1 ENOTTY (Inappropriate ioctl for device)
1371886 ioctl(0, TCGETS, 0x7fff38ce5920) = -1 ENOTTY (Inappropriate ioctl for device)
1371886 openat(AT_FDCWD, "/usr/lib/locale/locale-archive", O_RDONLY|O_CLOEXEC) = 4
1371886 newfstatat(4, "", {st_mode=S_IFREG|0644, st_size=5475184, ...}, AT_EMPTY_PATH) = 0
1371886 mmap(NULL, 5475184, PROT_READ, MAP_PRIVATE, 4, 0) = 0x7e5095400000
1371886 close(4)                        = 0
1371886 openat(AT_FDCWD, "/home/jyniemit/.inputrc", O_RDONLY) = -1 ENOENT (No such file or directory)
1371886 openat(AT_FDCWD, "/etc/inputrc", O_RDONLY) = 4
1371886 newfstatat(4, "", {st_mode=S_IFREG|0644, st_size=1748, ...}, AT_EMPTY_PATH) = 0
1371886 read(4, "# /etc/inputrc - global inputrc "..., 1748) = 1748
1371886 close(4)                        = 0
1371886 brk(0xb62f000)                  = 0xb62f000
1371886 ioctl(0, TIOCGWINSZ, 0x7fff38ce59a8) = -1 ENOTTY (Inappropriate ioctl for device)
1371886 ioctl(0, TCGETS, 0x7fff38ce5940) = -1 ENOTTY (Inappropriate ioctl for device)
1371886 rt_sigprocmask(SIG_BLOCK, [HUP INT QUIT ALRM TERM TSTP TTIN TTOU], [], 8) = 0
1371886 rt_sigaction(SIGINT, {sa_handler=0x7e5095c659d0, sa_mask=[], sa_flags=SA_RESTORER, sa_restorer=0x7e5095a42520}, {sa_handler=0x407040, sa_mask=[], sa_flags=SA_RESTORER|SA_RESTART, sa_restorer=0x7e5095a42520}, 8) = 0
1371886 rt_sigaction(SIGTERM, {sa_handler=0x7e5095c659d0, sa_mask=[], sa_flags=SA_RESTORER, sa_restorer=0x7e5095a42520}, {sa_handler=0x407040, sa_mask=[], sa_flags=SA_RESTORER|SA_RESTART, sa_restorer=0x7e5095a42520}, 8) = 0
1371886 rt_sigaction(SIGHUP, {sa_handler=0x7e5095c659d0, sa_mask=[], sa_flags=SA_RESTORER, sa_restorer=0x7e5095a42520}, {sa_handler=SIG_DFL, sa_mask=[], sa_flags=0}, 8) = 0
1371886 rt_sigaction(SIGQUIT, {sa_handler=0x7e5095c659d0, sa_mask=[], sa_flags=SA_RESTORER, sa_restorer=0x7e5095a42520}, {sa_handler=SIG_IGN, sa_mask=[], sa_flags=SA_RESTORER, sa_restorer=0x7e5095a42520}, 8) = 0
1371886 rt_sigaction(SIGQUIT, {sa_handler=SIG_IGN, sa_mask=[], sa_flags=SA_RESTORER, sa_restorer=0x7e5095a42520}, {sa_handler=0x7e5095c659d0, sa_mask=[], sa_flags=SA_RESTORER, sa_restorer=0x7e5095a42520}, 8) = 0
1371886 rt_sigaction(SIGALRM, {sa_handler=0x7e5095c659d0, sa_mask=[], sa_flags=SA_RESTORER, sa_restorer=0x7e5095a42520}, {sa_handler=SIG_DFL, sa_mask=[], sa_flags=0}, 8) = 0
1371886 rt_sigaction(SIGTSTP, {sa_handler=0x7e5095c659d0, sa_mask=[], sa_flags=SA_RESTORER, sa_restorer=0x7e5095a42520}, {sa_handler=SIG_DFL, sa_mask=[], sa_flags=0}, 8) = 0
1371886 rt_sigaction(SIGTTOU, {sa_handler=0x7e5095c659d0, sa_mask=[], sa_flags=SA_RESTORER, sa_restorer=0x7e5095a42520}, {sa_handler=SIG_DFL, sa_mask=[], sa_flags=0}, 8) = 0
1371886 rt_sigaction(SIGTTIN, {sa_handler=0x7e5095c659d0, sa_mask=[], sa_flags=SA_RESTORER, sa_restorer=0x7e5095a42520}, {sa_handler=SIG_DFL, sa_mask=[], sa_flags=0}, 8) = 0
1371886 rt_sigprocmask(SIG_SETMASK, [], NULL, 8) = 0
1371886 rt_sigaction(SIGWINCH, {sa_handler=0x7e5095c659e0, sa_mask=[], sa_flags=SA_RESTORER|SA_RESTART, sa_restorer=0x7e5095a42520}, {sa_handler=SIG_DFL, sa_mask=[], sa_flags=0}, 8) = 0
1371886 openat(AT_FDCWD, "/usr/lib/x86_64-linux-gnu/gconv/gconv-modules.cache", O_RDONLY) = 4
1371886 newfstatat(4, "", {st_mode=S_IFREG|0644, st_size=27002, ...}, AT_EMPTY_PATH) = 0
1371886 mmap(NULL, 27002, PROT_READ, MAP_SHARED, 4, 0) = 0x7e5095c9b000
1371886 close(4)                        = 0
1371886 futex(0x7e5095c1ba6c, FUTEX_WAKE_PRIVATE, 2147483647) = 0
1371886 newfstatat(1, "", {st_mode=S_IFCHR|0666, st_rdev=makedev(0x1, 0x3), ...}, AT_EMPTY_PATH) = 0
1371886 ioctl(1, TCGETS, 0x7fff38ce5630) = -1 ENOTTY (Inappropriate ioctl for device)
1371886 write(1, "\33[32mminishell$ \33[0m", 20) = 20
1371886 pselect6(1, [0], NULL, NULL, NULL, {sigmask=[], sigsetsize=8}) = 1 (in [0])
1371886 read(0, "c", 1)                 = 1
1371886 pselect6(1, [0], NULL, [0], {tv_sec=0, tv_nsec=0}, NULL) = 1 (in [0], left {tv_sec=0, tv_nsec=0})
1371886 pselect6(1, [0], NULL, NULL, NULL, {sigmask=[], sigsetsize=8}) = 1 (in [0])
1371886 read(0, "d", 1)                 = 1
1371886 pselect6(1, [0], NULL, [0], {tv_sec=0, tv_nsec=0}, NULL) = 1 (in [0], left {tv_sec=0, tv_nsec=0})
1371886 pselect6(1, [0], NULL, NULL, NULL, {sigmask=[], sigsetsize=8}) = 1 (in [0])
1371886 read(0, " ", 1)                 = 1
1371886 pselect6(1, [0], NULL, [0], {tv_sec=0, tv_nsec=0}, NULL) = 1 (in [0], left {tv_sec=0, tv_nsec=0})
1371886 pselect6(1, [0], NULL, NULL, NULL, {sigmask=[], sigsetsize=8}) = 1 (in [0])
1371886 read(0, "/", 1)                 = 1
1371886 pselect6(1, [0], NULL, [0], {tv_sec=0, tv_nsec=0}, NULL) = 1 (in [0], left {tv_sec=0, tv_nsec=0})
1371886 pselect6(1, [0], NULL, NULL, NULL, {sigmask=[], sigsetsize=8}) = 1 (in [0])
1371886 read(0, "h", 1)                 = 1
1371886 pselect6(1, [0], NULL, [0], {tv_sec=0, tv_nsec=0}, NULL) = 1 (in [0], left {tv_sec=0, tv_nsec=0})
1371886 pselect6(1, [0], NULL, NULL, NULL, {sigmask=[], sigsetsize=8}) = 1 (in [0])
1371886 read(0, "o", 1)                 = 1
1371886 pselect6(1, [0], NULL, [0], {tv_sec=0, tv_nsec=0}, NULL) = 1 (in [0], left {tv_sec=0, tv_nsec=0})
1371886 pselect6(1, [0], NULL, NULL, NULL, {sigmask=[], sigsetsize=8}) = 1 (in [0])
1371886 read(0, "m", 1)                 = 1
1371886 pselect6(1, [0], NULL, [0], {tv_sec=0, tv_nsec=0}, NULL) = 1 (in [0], left {tv_sec=0, tv_nsec=0})
1371886 pselect6(1, [0], NULL, NULL, NULL, {sigmask=[], sigsetsize=8}) = 1 (in [0])
1371886 read(0, "e", 1)                 = 1
1371886 pselect6(1, [0], NULL, [0], {tv_sec=0, tv_nsec=0}, NULL) = 1 (in [0], left {tv_sec=0, tv_nsec=0})
1371886 pselect6(1, [0], NULL, NULL, NULL, {sigmask=[], sigsetsize=8}) = 1 (in [0])
1371886 read(0, "/", 1)                 = 1
1371886 pselect6(1, [0], NULL, [0], {tv_sec=0, tv_nsec=0}, NULL) = 1 (in [0], left {tv_sec=0, tv_nsec=0})
1371886 pselect6(1, [0], NULL, NULL, NULL, {sigmask=[], sigsetsize=8}) = 1 (in [0])
1371886 read(0, "j", 1)                 = 1
1371886 pselect6(1, [0], NULL, [0], {tv_sec=0, tv_nsec=0}, NULL) = 1 (in [0], left {tv_sec=0, tv_nsec=0})
1371886 pselect6(1, [0], NULL, NULL, NULL, {sigmask=[], sigsetsize=8}) = 1 (in [0])
1371886 read(0, "y", 1)                 = 1
1371886 pselect6(1, [0], NULL, [0], {tv_sec=0, tv_nsec=0}, NULL) = 1 (in [0], left {tv_sec=0, tv_nsec=0})
1371886 pselect6(1, [0], NULL, NULL, NULL, {sigmask=[], sigsetsize=8}) = 1 (in [0])
1371886 read(0, "n", 1)                 = 1
1371886 pselect6(1, [0], NULL, [0], {tv_sec=0, tv_nsec=0}, NULL) = 1 (in [0], left {tv_sec=0, tv_nsec=0})
1371886 pselect6(1, [0], NULL, NULL, NULL, {sigmask=[], sigsetsize=8}) = 1 (in [0])
1371886 read(0, "i", 1)                 = 1
1371886 pselect6(1, [0], NULL, [0], {tv_sec=0, tv_nsec=0}, NULL) = 1 (in [0], left {tv_sec=0, tv_nsec=0})
1371886 pselect6(1, [0], NULL, NULL, NULL, {sigmask=[], sigsetsize=8}) = 1 (in [0])
1371886 read(0, "e", 1)                 = 1
1371886 pselect6(1, [0], NULL, [0], {tv_sec=0, tv_nsec=0}, NULL) = 1 (in [0], left {tv_sec=0, tv_nsec=0})
1371886 pselect6(1, [0], NULL, NULL, NULL, {sigmask=[], sigsetsize=8}) = 1 (in [0])
1371886 read(0, "m", 1)                 = 1
1371886 pselect6(1, [0], NULL, [0], {tv_sec=0, tv_nsec=0}, NULL) = 1 (in [0], left {tv_sec=0, tv_nsec=0})
1371886 pselect6(1, [0], NULL, NULL, NULL, {sigmask=[], sigsetsize=8}) = 1 (in [0])
1371886 read(0, "i", 1)                 = 1
1371886 pselect6(1, [0], NULL, [0], {tv_sec=0, tv_nsec=0}, NULL) = 1 (in [0], left {tv_sec=0, tv_nsec=0})
1371886 pselect6(1, [0], NULL, NULL, NULL, {sigmask=[], sigsetsize=8}) = 1 (in [0])
1371886 read(0, "t", 1)                 = 1
1371886 pselect6(1, [0], NULL, [0], {tv_sec=0, tv_nsec=0}, NULL) = 1 (in [0], left {tv_sec=0, tv_nsec=0})
1371886 pselect6(1, [0], NULL, NULL, NULL, {sigmask=[], sigsetsize=8}) = 1 (in [0])
1371886 read(0, "/", 1)                 = 1
1371886 pselect6(1, [0], NULL, [0], {tv_sec=0, tv_nsec=0}, NULL) = 1 (in [0], left {tv_sec=0, tv_nsec=0})
1371886 pselect6(1, [0], NULL, NULL, NULL, {sigmask=[], sigsetsize=8}) = 1 (in [0])
1371886 read(0, "p", 1)                 = 1
1371886 pselect6(1, [0], NULL, [0], {tv_sec=0, tv_nsec=0}, NULL) = 1 (in [0], left {tv_sec=0, tv_nsec=0})
1371886 pselect6(1, [0], NULL, NULL, NULL, {sigmask=[], sigsetsize=8}) = 1 (in [0])
1371886 read(0, "r", 1)                 = 1
1371886 pselect6(1, [0], NULL, [0], {tv_sec=0, tv_nsec=0}, NULL) = 1 (in [0], left {tv_sec=0, tv_nsec=0})
1371886 pselect6(1, [0], NULL, NULL, NULL, {sigmask=[], sigsetsize=8}) = 1 (in [0])
1371886 read(0, "o", 1)                 = 1
1371886 pselect6(1, [0], NULL, [0], {tv_sec=0, tv_nsec=0}, NULL) = 1 (in [0], left {tv_sec=0, tv_nsec=0})
1371886 pselect6(1, [0], NULL, NULL, NULL, {sigmask=[], sigsetsize=8}) = 1 (in [0])
1371886 read(0, "j", 1)                 = 1
1371886 pselect6(1, [0], NULL, [0], {tv_sec=0, tv_nsec=0}, NULL) = 1 (in [0], left {tv_sec=0, tv_nsec=0})
1371886 pselect6(1, [0], NULL, NULL, NULL, {sigmask=[], sigsetsize=8}) = 1 (in [0])
1371886 read(0, "e", 1)                 = 1
1371886 pselect6(1, [0], NULL, [0], {tv_sec=0, tv_nsec=0}, NULL) = 1 (in [0], left {tv_sec=0, tv_nsec=0})
1371886 pselect6(1, [0], NULL, NULL, NULL, {sigmask=[], sigsetsize=8}) = 1 (in [0])
1371886 read(0, "c", 1)                 = 1
1371886 pselect6(1, [0], NULL, [0], {tv_sec=0, tv_nsec=0}, NULL) = 1 (in [0], left {tv_sec=0, tv_nsec=0})
1371886 pselect6(1, [0], NULL, NULL, NULL, {sigmask=[], sigsetsize=8}) = 1 (in [0])
1371886 read(0, "t", 1)                 = 1
1371886 pselect6(1, [0], NULL, [0], {tv_sec=0, tv_nsec=0}, NULL) = 1 (in [0], left {tv_sec=0, tv_nsec=0})
1371886 pselect6(1, [0], NULL, NULL, NULL, {sigmask=[], sigsetsize=8}) = 1 (in [0])
1371886 read(0, "s", 1)                 = 1
1371886 pselect6(1, [0], NULL, [0], {tv_sec=0, tv_nsec=0}, NULL) = 1 (in [0], left {tv_sec=0, tv_nsec=0})
1371886 pselect6(1, [0], NULL, NULL, NULL, {sigmask=[], sigsetsize=8}) = 1 (in [0])
1371886 read(0, "/", 1)                 = 1
1371886 pselect6(1, [0], NULL, [0], {tv_sec=0, tv_nsec=0}, NULL) = 1 (in [0], left {tv_sec=0, tv_nsec=0})
1371886 pselect6(1, [0], NULL, NULL, NULL, {sigmask=[], sigsetsize=8}) = 1 (in [0])
1371886 read(0, "m", 1)                 = 1
1371886 pselect6(1, [0], NULL, [0], {tv_sec=0, tv_nsec=0}, NULL) = 1 (in [0], left {tv_sec=0, tv_nsec=0})
1371886 pselect6(1, [0], NULL, NULL, NULL, {sigmask=[], sigsetsize=8}) = 1 (in [0])
1371886 read(0, "n", 1)                 = 1
1371886 pselect6(1, [0], NULL, [0], {tv_sec=0, tv_nsec=0}, NULL) = 1 (in [0], left {tv_sec=0, tv_nsec=0})
1371886 pselect6(1, [0], NULL, NULL, NULL, {sigmask=[], sigsetsize=8}) = 1 (in [0])
1371886 read(0, "s", 1)                 = 1
1371886 pselect6(1, [0], NULL, [0], {tv_sec=0, tv_nsec=0}, NULL) = 1 (in [0], left {tv_sec=0, tv_nsec=0})
1371886 pselect6(1, [0], NULL, NULL, NULL, {sigmask=[], sigsetsize=8}) = 1 (in [0])
1371886 read(0, "h", 1)                 = 1
1371886 pselect6(1, [0], NULL, [0], {tv_sec=0, tv_nsec=0}, NULL) = 1 (in [0], left {tv_sec=0, tv_nsec=0})
1371886 pselect6(1, [0], NULL, NULL, NULL, {sigmask=[], sigsetsize=8}) = 1 (in [0])
1371886 read(0, "e", 1)                 = 1
1371886 pselect6(1, [0], NULL, [0], {tv_sec=0, tv_nsec=0}, NULL) = 1 (in [0], left {tv_sec=0, tv_nsec=0})
1371886 pselect6(1, [0], NULL, NULL, NULL, {sigmask=[], sigsetsize=8}) = 1 (in [0])
1371886 read(0, "l", 1)                 = 1
1371886 pselect6(1, [0], NULL, [0], {tv_sec=0, tv_nsec=0}, NULL) = 1 (in [0], left {tv_sec=0, tv_nsec=0})
1371886 pselect6(1, [0], NULL, NULL, NULL, {sigmask=[], sigsetsize=8}) = 1 (in [0])
1371886 read(0, "l", 1)                 = 1
1371886 pselect6(1, [0], NULL, [0], {tv_sec=0, tv_nsec=0}, NULL) = 1 (in [0], left {tv_sec=0, tv_nsec=0})
1371886 pselect6(1, [0], NULL, NULL, NULL, {sigmask=[], sigsetsize=8}) = 1 (in [0])
1371886 read(0, "-", 1)                 = 1
1371886 pselect6(1, [0], NULL, [0], {tv_sec=0, tv_nsec=0}, NULL) = 1 (in [0], left {tv_sec=0, tv_nsec=0})
1371886 pselect6(1, [0], NULL, NULL, NULL, {sigmask=[], sigsetsize=8}) = 1 (in [0])
1371886 read(0, "w", 1)                 = 1
1371886 pselect6(1, [0], NULL, [0], {tv_sec=0, tv_nsec=0}, NULL) = 1 (in [0], left {tv_sec=0, tv_nsec=0})
1371886 pselect6(1, [0], NULL, NULL, NULL, {sigmask=[], sigsetsize=8}) = 1 (in [0])
1371886 read(0, "o", 1)                 = 1
1371886 pselect6(1, [0], NULL, [0], {tv_sec=0, tv_nsec=0}, NULL) = 1 (in [0], left {tv_sec=0, tv_nsec=0})
1371886 pselect6(1, [0], NULL, NULL, NULL, {sigmask=[], sigsetsize=8}) = 1 (in [0])
1371886 read(0, "r", 1)                 = 1
1371886 pselect6(1, [0], NULL, [0], {tv_sec=0, tv_nsec=0}, NULL) = 1 (in [0], left {tv_sec=0, tv_nsec=0})
1371886 pselect6(1, [0], NULL, NULL, NULL, {sigmask=[], sigsetsize=8}) = 1 (in [0])
1371886 read(0, "k", 1)                 = 1
1371886 pselect6(1, [0], NULL, [0], {tv_sec=0, tv_nsec=0}, NULL) = 1 (in [0], left {tv_sec=0, tv_nsec=0})
1371886 pselect6(1, [0], NULL, NULL, NULL, {sigmask=[], sigsetsize=8}) = 1 (in [0])
1371886 read(0, "t", 1)                 = 1
1371886 pselect6(1, [0], NULL, [0], {tv_sec=0, tv_nsec=0}, NULL) = 1 (in [0], left {tv_sec=0, tv_nsec=0})
1371886 pselect6(1, [0], NULL, NULL, NULL, {sigmask=[], sigsetsize=8}) = 1 (in [0])
1371886 read(0, "r", 1)                 = 1
1371886 pselect6(1, [0], NULL, [0], {tv_sec=0, tv_nsec=0}, NULL) = 1 (in [0], left {tv_sec=0, tv_nsec=0})
1371886 pselect6(1, [0], NULL, NULL, NULL, {sigmask=[], sigsetsize=8}) = 1 (in [0])
1371886 read(0, "e", 1)                 = 1
1371886 pselect6(1, [0], NULL, [0], {tv_sec=0, tv_nsec=0}, NULL) = 1 (in [0], left {tv_sec=0, tv_nsec=0})
1371886 pselect6(1, [0], NULL, NULL, NULL, {sigmask=[], sigsetsize=8}) = 1 (in [0])
1371886 read(0, "e", 1)                 = 1
1371886 pselect6(1, [0], NULL, [0], {tv_sec=0, tv_nsec=0}, NULL) = 1 (in [0], left {tv_sec=0, tv_nsec=0})
1371886 pselect6(1, [0], NULL, NULL, NULL, {sigmask=[], sigsetsize=8}) = 1 (in [0])
1371886 read(0, "s", 1)                 = 1
1371886 pselect6(1, [0], NULL, [0], {tv_sec=0, tv_nsec=0}, NULL) = 1 (in [0], left {tv_sec=0, tv_nsec=0})
1371886 pselect6(1, [0], NULL, NULL, NULL, {sigmask=[], sigsetsize=8}) = 1 (in [0])
1371886 read(0, "/", 1)                 = 1
1371886 pselect6(1, [0], NULL, [0], {tv_sec=0, tv_nsec=0}, NULL) = 1 (in [0], left {tv_sec=0, tv_nsec=0})
1371886 pselect6(1, [0], NULL, NULL, NULL, {sigmask=[], sigsetsize=8}) = 1 (in [0])
1371886 read(0, "m", 1)                 = 1
1371886 pselect6(1, [0], NULL, [0], {tv_sec=0, tv_nsec=0}, NULL) = 1 (in [0], left {tv_sec=0, tv_nsec=0})
1371886 pselect6(1, [0], NULL, NULL, NULL, {sigmask=[], sigsetsize=8}) = 1 (in [0])
1371886 read(0, "a", 1)                 = 1
1371886 pselect6(1, [0], NULL, [0], {tv_sec=0, tv_nsec=0}, NULL) = 1 (in [0], left {tv_sec=0, tv_nsec=0})
1371886 pselect6(1, [0], NULL, NULL, NULL, {sigmask=[], sigsetsize=8}) = 1 (in [0])
1371886 read(0, "i", 1)                 = 1
1371886 pselect6(1, [0], NULL, [0], {tv_sec=0, tv_nsec=0}, NULL) = 1 (in [0], left {tv_sec=0, tv_nsec=0})
1371886 pselect6(1, [0], NULL, NULL, NULL, {sigmask=[], sigsetsize=8}) = 1 (in [0])
1371886 read(0, "n", 1)                 = 1
1371886 pselect6(1, [0], NULL, [0], {tv_sec=0, tv_nsec=0}, NULL) = 1 (in [0], left {tv_sec=0, tv_nsec=0})
1371886 pselect6(1, [0], NULL, NULL, NULL, {sigmask=[], sigsetsize=8}) = 1 (in [0])
1371886 read(0, "/", 1)                 = 1
1371886 pselect6(1, [0], NULL, [0], {tv_sec=0, tv_nsec=0}, NULL) = 1 (in [0], left {tv_sec=0, tv_nsec=0})
1371886 pselect6(1, [0], NULL, NULL, NULL, {sigmask=[], sigsetsize=8}) = 1 (in [0])
1371886 read(0, ".", 1)                 = 1
1371886 pselect6(1, [0], NULL, [0], {tv_sec=0, tv_nsec=0}, NULL) = 1 (in [0], left {tv_sec=0, tv_nsec=0})
1371886 pselect6(1, [0], NULL, NULL, NULL, {sigmask=[], sigsetsize=8}) = 1 (in [0])
1371886 read(0, "m", 1)                 = 1
1371886 pselect6(1, [0], NULL, [0], {tv_sec=0, tv_nsec=0}, NULL) = 1 (in [0], left {tv_sec=0, tv_nsec=0})
1371886 pselect6(1, [0], NULL, NULL, NULL, {sigmask=[], sigsetsize=8}) = 1 (in [0])
1371886 read(0, "s", 1)                 = 1
1371886 pselect6(1, [0], NULL, [0], {tv_sec=0, tv_nsec=0}, NULL) = 1 (in [0], left {tv_sec=0, tv_nsec=0})
1371886 pselect6(1, [0], NULL, NULL, NULL, {sigmask=[], sigsetsize=8}) = 1 (in [0])
1371886 read(0, "_", 1)                 = 1
1371886 pselect6(1, [0], NULL, [0], {tv_sec=0, tv_nsec=0}, NULL) = 1 (in [0], left {tv_sec=0, tv_nsec=0})
1371886 pselect6(1, [0], NULL, NULL, NULL, {sigmask=[], sigsetsize=8}) = 1 (in [0])
1371886 read(0, "m", 1)                 = 1
1371886 pselect6(1, [0], NULL, [0], {tv_sec=0, tv_nsec=0}, NULL) = 1 (in [0], left {tv_sec=0, tv_nsec=0})
1371886 pselect6(1, [0], NULL, NULL, NULL, {sigmask=[], sigsetsize=8}) = 1 (in [0])
1371886 read(0, "a", 1)                 = 1
1371886 pselect6(1, [0], NULL, [0], {tv_sec=0, tv_nsec=0}, NULL) = 1 (in [0], left {tv_sec=0, tv_nsec=0})
1371886 pselect6(1, [0], NULL, NULL, NULL, {sigmask=[], sigsetsize=8}) = 1 (in [0])
1371886 read(0, "n", 1)                 = 1
1371886 pselect6(1, [0], NULL, [0], {tv_sec=0, tv_nsec=0}, NULL) = 1 (in [0], left {tv_sec=0, tv_nsec=0})
1371886 pselect6(1, [0], NULL, NULL, NULL, {sigmask=[], sigsetsize=8}) = 1 (in [0])
1371886 read(0, "d", 1)                 = 1
1371886 pselect6(1, [0], NULL, [0], {tv_sec=0, tv_nsec=0}, NULL) = 1 (in [0], left {tv_sec=0, tv_nsec=0})
1371886 pselect6(1, [0], NULL, NULL, NULL, {sigmask=[], sigsetsize=8}) = 1 (in [0])
1371886 read(0, "\n", 1)                = 1
1371886 write(1, "cd /home/jyniemit/projects/mnshe"..., 58) = 58
1371886 write(1, "\n", 1)               = 1
1371886 rt_sigaction(SIGINT, {sa_handler=0x407040, sa_mask=[], sa_flags=SA_RESTORER|SA_RESTART, sa_restorer=0x7e5095a42520}, {sa_handler=0x7e5095c659d0, sa_mask=[], sa_flags=SA_RESTORER, sa_restorer=0x7e5095a42520}, 8) = 0
1371886 rt_sigaction(SIGTERM, {sa_handler=0x407040, sa_mask=[], sa_flags=SA_RESTORER|SA_RESTART, sa_restorer=0x7e5095a42520}, {sa_handler=0x7e5095c659d0, sa_mask=[], sa_flags=SA_RESTORER, sa_restorer=0x7e5095a42520}, 8) = 0
1371886 rt_sigaction(SIGHUP, {sa_handler=SIG_DFL, sa_mask=[], sa_flags=SA_RESTORER, sa_restorer=0x7e5095a42520}, {sa_handler=0x7e5095c659d0, sa_mask=[], sa_flags=SA_RESTORER, sa_restorer=0x7e5095a42520}, 8) = 0
1371886 rt_sigaction(SIGALRM, {sa_handler=SIG_DFL, sa_mask=[], sa_flags=SA_RESTORER, sa_restorer=0x7e5095a42520}, {sa_handler=0x7e5095c659d0, sa_mask=[], sa_flags=SA_RESTORER, sa_restorer=0x7e5095a42520}, 8) = 0
1371886 rt_sigaction(SIGTSTP, {sa_handler=SIG_DFL, sa_mask=[], sa_flags=SA_RESTORER, sa_restorer=0x7e5095a42520}, {sa_handler=0x7e5095c659d0, sa_mask=[], sa_flags=SA_RESTORER, sa_restorer=0x7e5095a42520}, 8) = 0
1371886 rt_sigaction(SIGTTOU, {sa_handler=SIG_DFL, sa_mask=[], sa_flags=SA_RESTORER, sa_restorer=0x7e5095a42520}, {sa_handler=0x7e5095c659d0, sa_mask=[], sa_flags=SA_RESTORER, sa_restorer=0x7e5095a42520}, 8) = 0
1371886 rt_sigaction(SIGTTIN, {sa_handler=SIG_DFL, sa_mask=[], sa_flags=SA_RESTORER, sa_restorer=0x7e5095a42520}, {sa_handler=0x7e5095c659d0, sa_mask=[], sa_flags=SA_RESTORER, sa_restorer=0x7e5095a42520}, 8) = 0
1371886 rt_sigaction(SIGWINCH, {sa_handler=SIG_DFL, sa_mask=[], sa_flags=SA_RESTORER, sa_restorer=0x7e5095a42520}, {sa_handler=0x7e5095c659e0, sa_mask=[], sa_flags=SA_RESTORER|SA_RESTART, sa_restorer=0x7e5095a42520}, 8) = 0
1371886 dup(0)                          = 4
1371886 dup(1)                          = 5
1371886 chdir("/home/jyniemit/projects/mnshell-worktrees/main/.ms_mand") = 0
1371886 getcwd("/home/jyniemit/projects/mnshell-worktrees/main/.ms_mand", 4096) = 56
1371886 dup2(4, 0)                      = 0
1371886 dup2(5, 1)                      = 1
1371886 close(4)                        = 0
1371886 close(5)                        = 0
1371886 ioctl(0, TIOCGWINSZ, 0x7fff38ce59a8) = -1 ENOTTY (Inappropriate ioctl for device)
1371886 ioctl(0, TCGETS, 0x7fff38ce5940) = -1 ENOTTY (Inappropriate ioctl for device)
1371886 rt_sigprocmask(SIG_BLOCK, [HUP INT QUIT ALRM TERM TSTP TTIN TTOU], [], 8) = 0
1371886 rt_sigaction(SIGINT, {sa_handler=0x7e5095c659d0, sa_mask=[], sa_flags=SA_RESTORER, sa_restorer=0x7e5095a42520}, {sa_handler=0x407040, sa_mask=[], sa_flags=SA_RESTORER|SA_RESTART, sa_restorer=0x7e5095a42520}, 8) = 0
1371886 rt_sigaction(SIGTERM, {sa_handler=0x7e5095c659d0, sa_mask=[], sa_flags=SA_RESTORER, sa_restorer=0x7e5095a42520}, {sa_handler=0x407040, sa_mask=[], sa_flags=SA_RESTORER|SA_RESTART, sa_restorer=0x7e5095a42520}, 8) = 0
1371886 rt_sigaction(SIGHUP, {sa_handler=0x7e5095c659d0, sa_mask=[], sa_flags=SA_RESTORER, sa_restorer=0x7e5095a42520}, {sa_handler=SIG_DFL, sa_mask=[], sa_flags=SA_RESTORER, sa_restorer=0x7e5095a42520}, 8) = 0
1371886 rt_sigaction(SIGQUIT, {sa_handler=0x7e5095c659d0, sa_mask=[], sa_flags=SA_RESTORER, sa_restorer=0x7e5095a42520}, {sa_handler=SIG_IGN, sa_mask=[], sa_flags=SA_RESTORER, sa_restorer=0x7e5095a42520}, 8) = 0
1371886 rt_sigaction(SIGQUIT, {sa_handler=SIG_IGN, sa_mask=[], sa_flags=SA_RESTORER, sa_restorer=0x7e5095a42520}, {sa_handler=0x7e5095c659d0, sa_mask=[], sa_flags=SA_RESTORER, sa_restorer=0x7e5095a42520}, 8) = 0
1371886 rt_sigaction(SIGALRM, {sa_handler=0x7e5095c659d0, sa_mask=[], sa_flags=SA_RESTORER, sa_restorer=0x7e5095a42520}, {sa_handler=SIG_DFL, sa_mask=[], sa_flags=SA_RESTORER, sa_restorer=0x7e5095a42520}, 8) = 0
1371886 rt_sigaction(SIGTSTP, {sa_handler=0x7e5095c659d0, sa_mask=[], sa_flags=SA_RESTORER, sa_restorer=0x7e5095a42520}, {sa_handler=SIG_DFL, sa_mask=[], sa_flags=SA_RESTORER, sa_restorer=0x7e5095a42520}, 8) = 0
1371886 rt_sigaction(SIGTTOU, {sa_handler=0x7e5095c659d0, sa_mask=[], sa_flags=SA_RESTORER, sa_restorer=0x7e5095a42520}, {sa_handler=SIG_DFL, sa_mask=[], sa_flags=SA_RESTORER, sa_restorer=0x7e5095a42520}, 8) = 0
1371886 rt_sigaction(SIGTTIN, {sa_handler=0x7e5095c659d0, sa_mask=[], sa_flags=SA_RESTORER, sa_restorer=0x7e5095a42520}, {sa_handler=SIG_DFL, sa_mask=[], sa_flags=SA_RESTORER, sa_restorer=0x7e5095a42520}, 8) = 0
1371886 rt_sigprocmask(SIG_SETMASK, [], NULL, 8) = 0
1371886 rt_sigaction(SIGWINCH, {sa_handler=0x7e5095c659e0, sa_mask=[], sa_flags=SA_RESTORER|SA_RESTART, sa_restorer=0x7e5095a42520}, {sa_handler=SIG_DFL, sa_mask=[], sa_flags=SA_RESTORER, sa_restorer=0x7e5095a42520}, 8) = 0
1371886 write(1, "\33[32mminishell$ \33[0m", 20) = 20
1371886 pselect6(1, [0], NULL, NULL, NULL, {sigmask=[], sigsetsize=8}) = 1 (in [0])
1371886 read(0, "e", 1)                 = 1
1371886 pselect6(1, [0], NULL, [0], {tv_sec=0, tv_nsec=0}, NULL) = 1 (in [0], left {tv_sec=0, tv_nsec=0})
1371886 pselect6(1, [0], NULL, NULL, NULL, {sigmask=[], sigsetsize=8}) = 1 (in [0])
1371886 read(0, "x", 1)                 = 1
1371886 pselect6(1, [0], NULL, [0], {tv_sec=0, tv_nsec=0}, NULL) = 1 (in [0], left {tv_sec=0, tv_nsec=0})
1371886 pselect6(1, [0], NULL, NULL, NULL, {sigmask=[], sigsetsize=8}) = 1 (in [0])
1371886 read(0, "p", 1)                 = 1
1371886 pselect6(1, [0], NULL, [0], {tv_sec=0, tv_nsec=0}, NULL) = 1 (in [0], left {tv_sec=0, tv_nsec=0})
1371886 pselect6(1, [0], NULL, NULL, NULL, {sigmask=[], sigsetsize=8}) = 1 (in [0])
1371886 read(0, "o", 1)                 = 1
1371886 pselect6(1, [0], NULL, [0], {tv_sec=0, tv_nsec=0}, NULL) = 1 (in [0], left {tv_sec=0, tv_nsec=0})
1371886 pselect6(1, [0], NULL, NULL, NULL, {sigmask=[], sigsetsize=8}) = 1 (in [0])
1371886 read(0, "r", 1)                 = 1
1371886 pselect6(1, [0], NULL, [0], {tv_sec=0, tv_nsec=0}, NULL) = 1 (in [0], left {tv_sec=0, tv_nsec=0})
1371886 pselect6(1, [0], NULL, NULL, NULL, {sigmask=[], sigsetsize=8}) = 1 (in [0])
1371886 read(0, "t", 1)                 = 1
1371886 pselect6(1, [0], NULL, [0], {tv_sec=0, tv_nsec=0}, NULL) = 1 (in [0], left {tv_sec=0, tv_nsec=0})
1371886 pselect6(1, [0], NULL, NULL, NULL, {sigmask=[], sigsetsize=8}) = 1 (in [0])
1371886 read(0, " ", 1)                 = 1
1371886 pselect6(1, [0], NULL, [0], {tv_sec=0, tv_nsec=0}, NULL) = 1 (in [0], left {tv_sec=0, tv_nsec=0})
1371886 pselect6(1, [0], NULL, NULL, NULL, {sigmask=[], sigsetsize=8}) = 1 (in [0])
1371886 read(0, "P", 1)                 = 1
1371886 pselect6(1, [0], NULL, [0], {tv_sec=0, tv_nsec=0}, NULL) = 1 (in [0], left {tv_sec=0, tv_nsec=0})
1371886 pselect6(1, [0], NULL, NULL, NULL, {sigmask=[], sigsetsize=8}) = 1 (in [0])
1371886 read(0, "A", 1)                 = 1
1371886 pselect6(1, [0], NULL, [0], {tv_sec=0, tv_nsec=0}, NULL) = 1 (in [0], left {tv_sec=0, tv_nsec=0})
1371886 pselect6(1, [0], NULL, NULL, NULL, {sigmask=[], sigsetsize=8}) = 1 (in [0])
1371886 read(0, "T", 1)                 = 1
1371886 pselect6(1, [0], NULL, [0], {tv_sec=0, tv_nsec=0}, NULL) = 1 (in [0], left {tv_sec=0, tv_nsec=0})
1371886 pselect6(1, [0], NULL, NULL, NULL, {sigmask=[], sigsetsize=8}) = 1 (in [0])
1371886 read(0, "H", 1)                 = 1
1371886 pselect6(1, [0], NULL, [0], {tv_sec=0, tv_nsec=0}, NULL) = 1 (in [0], left {tv_sec=0, tv_nsec=0})
1371886 pselect6(1, [0], NULL, NULL, NULL, {sigmask=[], sigsetsize=8}) = 1 (in [0])
1371886 read(0, "=", 1)                 = 1
1371886 pselect6(1, [0], NULL, [0], {tv_sec=0, tv_nsec=0}, NULL) = 1 (in [0], left {tv_sec=0, tv_nsec=0})
1371886 pselect6(1, [0], NULL, NULL, NULL, {sigmask=[], sigsetsize=8}) = 1 (in [0])
1371886 read(0, "/", 1)                 = 1
1371886 pselect6(1, [0], NULL, [0], {tv_sec=0, tv_nsec=0}, NULL) = 1 (in [0], left {tv_sec=0, tv_nsec=0})
1371886 pselect6(1, [0], NULL, NULL, NULL, {sigmask=[], sigsetsize=8}) = 1 (in [0])
1371886 read(0, "h", 1)                 = 1
1371886 pselect6(1, [0], NULL, [0], {tv_sec=0, tv_nsec=0}, NULL) = 1 (in [0], left {tv_sec=0, tv_nsec=0})
1371886 pselect6(1, [0], NULL, NULL, NULL, {sigmask=[], sigsetsize=8}) = 1 (in [0])
1371886 read(0, "o", 1)                 = 1
1371886 pselect6(1, [0], NULL, [0], {tv_sec=0, tv_nsec=0}, NULL) = 1 (in [0], left {tv_sec=0, tv_nsec=0})
1371886 pselect6(1, [0], NULL, NULL, NULL, {sigmask=[], sigsetsize=8}) = 1 (in [0])
1371886 read(0, "m", 1)                 = 1
1371886 pselect6(1, [0], NULL, [0], {tv_sec=0, tv_nsec=0}, NULL) = 1 (in [0], left {tv_sec=0, tv_nsec=0})
1371886 pselect6(1, [0], NULL, NULL, NULL, {sigmask=[], sigsetsize=8}) = 1 (in [0])
1371886 read(0, "e", 1)                 = 1
1371886 pselect6(1, [0], NULL, [0], {tv_sec=0, tv_nsec=0}, NULL) = 1 (in [0], left {tv_sec=0, tv_nsec=0})
1371886 pselect6(1, [0], NULL, NULL, NULL, {sigmask=[], sigsetsize=8}) = 1 (in [0])
1371886 read(0, "/", 1)                 = 1
1371886 pselect6(1, [0], NULL, [0], {tv_sec=0, tv_nsec=0}, NULL) = 1 (in [0], left {tv_sec=0, tv_nsec=0})
1371886 pselect6(1, [0], NULL, NULL, NULL, {sigmask=[], sigsetsize=8}) = 1 (in [0])
1371886 read(0, "j", 1)                 = 1
1371886 pselect6(1, [0], NULL, [0], {tv_sec=0, tv_nsec=0}, NULL) = 1 (in [0], left {tv_sec=0, tv_nsec=0})
1371886 pselect6(1, [0], NULL, NULL, NULL, {sigmask=[], sigsetsize=8}) = 1 (in [0])
1371886 read(0, "y", 1)                 = 1
1371886 pselect6(1, [0], NULL, [0], {tv_sec=0, tv_nsec=0}, NULL) = 1 (in [0], left {tv_sec=0, tv_nsec=0})
1371886 pselect6(1, [0], NULL, NULL, NULL, {sigmask=[], sigsetsize=8}) = 1 (in [0])
1371886 read(0, "n", 1)                 = 1
1371886 pselect6(1, [0], NULL, [0], {tv_sec=0, tv_nsec=0}, NULL) = 1 (in [0], left {tv_sec=0, tv_nsec=0})
1371886 pselect6(1, [0], NULL, NULL, NULL, {sigmask=[], sigsetsize=8}) = 1 (in [0])
1371886 read(0, "i", 1)                 = 1
1371886 pselect6(1, [0], NULL, [0], {tv_sec=0, tv_nsec=0}, NULL) = 1 (in [0], left {tv_sec=0, tv_nsec=0})
1371886 pselect6(1, [0], NULL, NULL, NULL, {sigmask=[], sigsetsize=8}) = 1 (in [0])
1371886 read(0, "e", 1)                 = 1
1371886 pselect6(1, [0], NULL, [0], {tv_sec=0, tv_nsec=0}, NULL) = 1 (in [0], left {tv_sec=0, tv_nsec=0})
1371886 pselect6(1, [0], NULL, NULL, NULL, {sigmask=[], sigsetsize=8}) = 1 (in [0])
1371886 read(0, "m", 1)                 = 1
1371886 pselect6(1, [0], NULL, [0], {tv_sec=0, tv_nsec=0}, NULL) = 1 (in [0], left {tv_sec=0, tv_nsec=0})
1371886 pselect6(1, [0], NULL, NULL, NULL, {sigmask=[], sigsetsize=8}) = 1 (in [0])
1371886 read(0, "i", 1)                 = 1
1371886 pselect6(1, [0], NULL, [0], {tv_sec=0, tv_nsec=0}, NULL) = 1 (in [0], left {tv_sec=0, tv_nsec=0})
1371886 pselect6(1, [0], NULL, NULL, NULL, {sigmask=[], sigsetsize=8}) = 1 (in [0])
1371886 read(0, "t", 1)                 = 1
1371886 pselect6(1, [0], NULL, [0], {tv_sec=0, tv_nsec=0}, NULL) = 1 (in [0], left {tv_sec=0, tv_nsec=0})
1371886 pselect6(1, [0], NULL, NULL, NULL, {sigmask=[], sigsetsize=8}) = 1 (in [0])
1371886 read(0, "/", 1)                 = 1
1371886 pselect6(1, [0], NULL, [0], {tv_sec=0, tv_nsec=0}, NULL) = 1 (in [0], left {tv_sec=0, tv_nsec=0})
1371886 pselect6(1, [0], NULL, NULL, NULL, {sigmask=[], sigsetsize=8}) = 1 (in [0])
1371886 read(0, "p", 1)                 = 1
1371886 pselect6(1, [0], NULL, [0], {tv_sec=0, tv_nsec=0}, NULL) = 1 (in [0], left {tv_sec=0, tv_nsec=0})
1371886 pselect6(1, [0], NULL, NULL, NULL, {sigmask=[], sigsetsize=8}) = 1 (in [0])
1371886 read(0, "r", 1)                 = 1
1371886 pselect6(1, [0], NULL, [0], {tv_sec=0, tv_nsec=0}, NULL) = 1 (in [0], left {tv_sec=0, tv_nsec=0})
1371886 pselect6(1, [0], NULL, NULL, NULL, {sigmask=[], sigsetsize=8}) = 1 (in [0])
1371886 read(0, "o", 1)                 = 1
1371886 pselect6(1, [0], NULL, [0], {tv_sec=0, tv_nsec=0}, NULL) = 1 (in [0], left {tv_sec=0, tv_nsec=0})
1371886 pselect6(1, [0], NULL, NULL, NULL, {sigmask=[], sigsetsize=8}) = 1 (in [0])
1371886 read(0, "j", 1)                 = 1
1371886 pselect6(1, [0], NULL, [0], {tv_sec=0, tv_nsec=0}, NULL) = 1 (in [0], left {tv_sec=0, tv_nsec=0})
1371886 pselect6(1, [0], NULL, NULL, NULL, {sigmask=[], sigsetsize=8}) = 1 (in [0])
1371886 read(0, "e", 1)                 = 1
1371886 pselect6(1, [0], NULL, [0], {tv_sec=0, tv_nsec=0}, NULL) = 1 (in [0], left {tv_sec=0, tv_nsec=0})
1371886 pselect6(1, [0], NULL, NULL, NULL, {sigmask=[], sigsetsize=8}) = 1 (in [0])
1371886 read(0, "c", 1)                 = 1
1371886 pselect6(1, [0], NULL, [0], {tv_sec=0, tv_nsec=0}, NULL) = 1 (in [0], left {tv_sec=0, tv_nsec=0})
1371886 pselect6(1, [0], NULL, NULL, NULL, {sigmask=[], sigsetsize=8}) = 1 (in [0])
1371886 read(0, "t", 1)                 = 1
1371886 pselect6(1, [0], NULL, [0], {tv_sec=0, tv_nsec=0}, NULL) = 1 (in [0], left {tv_sec=0, tv_nsec=0})
1371886 pselect6(1, [0], NULL, NULL, NULL, {sigmask=[], sigsetsize=8}) = 1 (in [0])
1371886 read(0, "s", 1)                 = 1
1371886 pselect6(1, [0], NULL, [0], {tv_sec=0, tv_nsec=0}, NULL) = 1 (in [0], left {tv_sec=0, tv_nsec=0})
1371886 pselect6(1, [0], NULL, NULL, NULL, {sigmask=[], sigsetsize=8}) = 1 (in [0])
1371886 read(0, "/", 1)                 = 1
1371886 pselect6(1, [0], NULL, [0], {tv_sec=0, tv_nsec=0}, NULL) = 1 (in [0], left {tv_sec=0, tv_nsec=0})
1371886 pselect6(1, [0], NULL, NULL, NULL, {sigmask=[], sigsetsize=8}) = 1 (in [0])
1371886 read(0, "m", 1)                 = 1
1371886 pselect6(1, [0], NULL, [0], {tv_sec=0, tv_nsec=0}, NULL) = 1 (in [0], left {tv_sec=0, tv_nsec=0})
1371886 pselect6(1, [0], NULL, NULL, NULL, {sigmask=[], sigsetsize=8}) = 1 (in [0])
1371886 read(0, "n", 1)                 = 1
1371886 pselect6(1, [0], NULL, [0], {tv_sec=0, tv_nsec=0}, NULL) = 1 (in [0], left {tv_sec=0, tv_nsec=0})
1371886 pselect6(1, [0], NULL, NULL, NULL, {sigmask=[], sigsetsize=8}) = 1 (in [0])
1371886 read(0, "s", 1)                 = 1
1371886 pselect6(1, [0], NULL, [0], {tv_sec=0, tv_nsec=0}, NULL) = 1 (in [0], left {tv_sec=0, tv_nsec=0})
1371886 pselect6(1, [0], NULL, NULL, NULL, {sigmask=[], sigsetsize=8}) = 1 (in [0])
1371886 read(0, "h", 1)                 = 1
1371886 pselect6(1, [0], NULL, [0], {tv_sec=0, tv_nsec=0}, NULL) = 1 (in [0], left {tv_sec=0, tv_nsec=0})
1371886 pselect6(1, [0], NULL, NULL, NULL, {sigmask=[], sigsetsize=8}) = 1 (in [0])
1371886 read(0, "e", 1)                 = 1
1371886 pselect6(1, [0], NULL, [0], {tv_sec=0, tv_nsec=0}, NULL) = 1 (in [0], left {tv_sec=0, tv_nsec=0})
1371886 pselect6(1, [0], NULL, NULL, NULL, {sigmask=[], sigsetsize=8}) = 1 (in [0])
1371886 read(0, "l", 1)                 = 1
1371886 pselect6(1, [0], NULL, [0], {tv_sec=0, tv_nsec=0}, NULL) = 1 (in [0], left {tv_sec=0, tv_nsec=0})
1371886 pselect6(1, [0], NULL, NULL, NULL, {sigmask=[], sigsetsize=8}) = 1 (in [0])
1371886 read(0, "l", 1)                 = 1
1371886 pselect6(1, [0], NULL, [0], {tv_sec=0, tv_nsec=0}, NULL) = 1 (in [0], left {tv_sec=0, tv_nsec=0})
1371886 pselect6(1, [0], NULL, NULL, NULL, {sigmask=[], sigsetsize=8}) = 1 (in [0])
1371886 read(0, "-", 1)                 = 1
1371886 pselect6(1, [0], NULL, [0], {tv_sec=0, tv_nsec=0}, NULL) = 1 (in [0], left {tv_sec=0, tv_nsec=0})
1371886 pselect6(1, [0], NULL, NULL, NULL, {sigmask=[], sigsetsize=8}) = 1 (in [0])
1371886 read(0, "w", 1)                 = 1
1371886 pselect6(1, [0], NULL, [0], {tv_sec=0, tv_nsec=0}, NULL) = 1 (in [0], left {tv_sec=0, tv_nsec=0})
1371886 pselect6(1, [0], NULL, NULL, NULL, {sigmask=[], sigsetsize=8}) = 1 (in [0])
1371886 read(0, "o", 1)                 = 1
1371886 pselect6(1, [0], NULL, [0], {tv_sec=0, tv_nsec=0}, NULL) = 1 (in [0], left {tv_sec=0, tv_nsec=0})
1371886 pselect6(1, [0], NULL, NULL, NULL, {sigmask=[], sigsetsize=8}) = 1 (in [0])
1371886 read(0, "r", 1)                 = 1
1371886 pselect6(1, [0], NULL, [0], {tv_sec=0, tv_nsec=0}, NULL) = 1 (in [0], left {tv_sec=0, tv_nsec=0})
1371886 pselect6(1, [0], NULL, NULL, NULL, {sigmask=[], sigsetsize=8}) = 1 (in [0])
1371886 read(0, "k", 1)                 = 1
1371886 pselect6(1, [0], NULL, [0], {tv_sec=0, tv_nsec=0}, NULL) = 1 (in [0], left {tv_sec=0, tv_nsec=0})
1371886 pselect6(1, [0], NULL, NULL, NULL, {sigmask=[], sigsetsize=8}) = 1 (in [0])
1371886 read(0, "t", 1)                 = 1
1371886 pselect6(1, [0], NULL, [0], {tv_sec=0, tv_nsec=0}, NULL) = 1 (in [0], left {tv_sec=0, tv_nsec=0})
1371886 pselect6(1, [0], NULL, NULL, NULL, {sigmask=[], sigsetsize=8}) = 1 (in [0])
1371886 read(0, "r", 1)                 = 1
1371886 pselect6(1, [0], NULL, [0], {tv_sec=0, tv_nsec=0}, NULL) = 1 (in [0], left {tv_sec=0, tv_nsec=0})
1371886 pselect6(1, [0], NULL, NULL, NULL, {sigmask=[], sigsetsize=8}) = 1 (in [0])
1371886 read(0, "e", 1)                 = 1
1371886 pselect6(1, [0], NULL, [0], {tv_sec=0, tv_nsec=0}, NULL) = 1 (in [0], left {tv_sec=0, tv_nsec=0})
1371886 pselect6(1, [0], NULL, NULL, NULL, {sigmask=[], sigsetsize=8}) = 1 (in [0])
1371886 read(0, "e", 1)                 = 1
1371886 pselect6(1, [0], NULL, [0], {tv_sec=0, tv_nsec=0}, NULL) = 1 (in [0], left {tv_sec=0, tv_nsec=0})
1371886 pselect6(1, [0], NULL, NULL, NULL, {sigmask=[], sigsetsize=8}) = 1 (in [0])
1371886 read(0, "s", 1)                 = 1
1371886 pselect6(1, [0], NULL, [0], {tv_sec=0, tv_nsec=0}, NULL) = 1 (in [0], left {tv_sec=0, tv_nsec=0})
1371886 pselect6(1, [0], NULL, NULL, NULL, {sigmask=[], sigsetsize=8}) = 1 (in [0])
1371886 read(0, "/", 1)                 = 1
1371886 pselect6(1, [0], NULL, [0], {tv_sec=0, tv_nsec=0}, NULL) = 1 (in [0], left {tv_sec=0, tv_nsec=0})
1371886 pselect6(1, [0], NULL, NULL, NULL, {sigmask=[], sigsetsize=8}) = 1 (in [0])
1371886 read(0, "m", 1)                 = 1
1371886 pselect6(1, [0], NULL, [0], {tv_sec=0, tv_nsec=0}, NULL) = 1 (in [0], left {tv_sec=0, tv_nsec=0})
1371886 pselect6(1, [0], NULL, NULL, NULL, {sigmask=[], sigsetsize=8}) = 1 (in [0])
1371886 read(0, "a", 1)                 = 1
1371886 pselect6(1, [0], NULL, [0], {tv_sec=0, tv_nsec=0}, NULL) = 1 (in [0], left {tv_sec=0, tv_nsec=0})
1371886 pselect6(1, [0], NULL, NULL, NULL, {sigmask=[], sigsetsize=8}) = 1 (in [0])
1371886 read(0, "i", 1)                 = 1
1371886 pselect6(1, [0], NULL, [0], {tv_sec=0, tv_nsec=0}, NULL) = 1 (in [0], left {tv_sec=0, tv_nsec=0})
1371886 pselect6(1, [0], NULL, NULL, NULL, {sigmask=[], sigsetsize=8}) = 1 (in [0])
1371886 read(0, "n", 1)                 = 1
1371886 pselect6(1, [0], NULL, [0], {tv_sec=0, tv_nsec=0}, NULL) = 1 (in [0], left {tv_sec=0, tv_nsec=0})
1371886 pselect6(1, [0], NULL, NULL, NULL, {sigmask=[], sigsetsize=8}) = 1 (in [0])
1371886 read(0, "/", 1)                 = 1
1371886 pselect6(1, [0], NULL, [0], {tv_sec=0, tv_nsec=0}, NULL) = 1 (in [0], left {tv_sec=0, tv_nsec=0})
1371886 pselect6(1, [0], NULL, NULL, NULL, {sigmask=[], sigsetsize=8}) = 1 (in [0])
1371886 read(0, ".", 1)                 = 1
1371886 pselect6(1, [0], NULL, [0], {tv_sec=0, tv_nsec=0}, NULL) = 1 (in [0], left {tv_sec=0, tv_nsec=0})
1371886 pselect6(1, [0], NULL, NULL, NULL, {sigmask=[], sigsetsize=8}) = 1 (in [0])
1371886 read(0, "m", 1)                 = 1
1371886 pselect6(1, [0], NULL, [0], {tv_sec=0, tv_nsec=0}, NULL) = 1 (in [0], left {tv_sec=0, tv_nsec=0})
1371886 pselect6(1, [0], NULL, NULL, NULL, {sigmask=[], sigsetsize=8}) = 1 (in [0])
1371886 read(0, "s", 1)                 = 1
1371886 pselect6(1, [0], NULL, [0], {tv_sec=0, tv_nsec=0}, NULL) = 1 (in [0], left {tv_sec=0, tv_nsec=0})
1371886 pselect6(1, [0], NULL, NULL, NULL, {sigmask=[], sigsetsize=8}) = 1 (in [0])
1371886 read(0, "_", 1)                 = 1
1371886 pselect6(1, [0], NULL, [0], {tv_sec=0, tv_nsec=0}, NULL) = 1 (in [0], left {tv_sec=0, tv_nsec=0})
1371886 pselect6(1, [0], NULL, NULL, NULL, {sigmask=[], sigsetsize=8}) = 1 (in [0])
1371886 read(0, "m", 1)                 = 1
1371886 pselect6(1, [0], NULL, [0], {tv_sec=0, tv_nsec=0}, NULL) = 1 (in [0], left {tv_sec=0, tv_nsec=0})
1371886 pselect6(1, [0], NULL, NULL, NULL, {sigmask=[], sigsetsize=8}) = 1 (in [0])
1371886 read(0, "a", 1)                 = 1
1371886 pselect6(1, [0], NULL, [0], {tv_sec=0, tv_nsec=0}, NULL) = 1 (in [0], left {tv_sec=0, tv_nsec=0})
1371886 pselect6(1, [0], NULL, NULL, NULL, {sigmask=[], sigsetsize=8}) = 1 (in [0])
1371886 read(0, "n", 1)                 = 1
1371886 pselect6(1, [0], NULL, [0], {tv_sec=0, tv_nsec=0}, NULL) = 1 (in [0], left {tv_sec=0, tv_nsec=0})
1371886 pselect6(1, [0], NULL, NULL, NULL, {sigmask=[], sigsetsize=8}) = 1 (in [0])
1371886 read(0, "d", 1)                 = 1
1371886 pselect6(1, [0], NULL, [0], {tv_sec=0, tv_nsec=0}, NULL) = 1 (in [0], left {tv_sec=0, tv_nsec=0})
1371886 pselect6(1, [0], NULL, NULL, NULL, {sigmask=[], sigsetsize=8}) = 1 (in [0])
1371886 read(0, "/", 1)                 = 1
1371886 pselect6(1, [0], NULL, [0], {tv_sec=0, tv_nsec=0}, NULL) = 1 (in [0], left {tv_sec=0, tv_nsec=0})
1371886 pselect6(1, [0], NULL, NULL, NULL, {sigmask=[], sigsetsize=8}) = 1 (in [0])
1371886 read(0, "d", 1)                 = 1
1371886 pselect6(1, [0], NULL, [0], {tv_sec=0, tv_nsec=0}, NULL) = 1 (in [0], left {tv_sec=0, tv_nsec=0})
1371886 pselect6(1, [0], NULL, NULL, NULL, {sigmask=[], sigsetsize=8}) = 1 (in [0])
1371886 read(0, "1", 1)                 = 1
1371886 pselect6(1, [0], NULL, [0], {tv_sec=0, tv_nsec=0}, NULL) = 1 (in [0], left {tv_sec=0, tv_nsec=0})
1371886 pselect6(1, [0], NULL, NULL, NULL, {sigmask=[], sigsetsize=8}) = 1 (in [0])
1371886 read(0, "\n", 1)                = 1
1371886 write(1, "export PATH=/home/jyniemit/proje"..., 70) = 70
1371886 write(1, "\n", 1)               = 1
1371886 rt_sigaction(SIGINT, {sa_handler=0x407040, sa_mask=[], sa_flags=SA_RESTORER|SA_RESTART, sa_restorer=0x7e5095a42520}, {sa_handler=0x7e5095c659d0, sa_mask=[], sa_flags=SA_RESTORER, sa_restorer=0x7e5095a42520}, 8) = 0
1371886 rt_sigaction(SIGTERM, {sa_handler=0x407040, sa_mask=[], sa_flags=SA_RESTORER|SA_RESTART, sa_restorer=0x7e5095a42520}, {sa_handler=0x7e5095c659d0, sa_mask=[], sa_flags=SA_RESTORER, sa_restorer=0x7e5095a42520}, 8) = 0
1371886 rt_sigaction(SIGHUP, {sa_handler=SIG_DFL, sa_mask=[], sa_flags=SA_RESTORER, sa_restorer=0x7e5095a42520}, {sa_handler=0x7e5095c659d0, sa_mask=[], sa_flags=SA_RESTORER, sa_restorer=0x7e5095a42520}, 8) = 0
1371886 rt_sigaction(SIGALRM, {sa_handler=SIG_DFL, sa_mask=[], sa_flags=SA_RESTORER, sa_restorer=0x7e5095a42520}, {sa_handler=0x7e5095c659d0, sa_mask=[], sa_flags=SA_RESTORER, sa_restorer=0x7e5095a42520}, 8) = 0
1371886 rt_sigaction(SIGTSTP, {sa_handler=SIG_DFL, sa_mask=[], sa_flags=SA_RESTORER, sa_restorer=0x7e5095a42520}, {sa_handler=0x7e5095c659d0, sa_mask=[], sa_flags=SA_RESTORER, sa_restorer=0x7e5095a42520}, 8) = 0
1371886 rt_sigaction(SIGTTOU, {sa_handler=SIG_DFL, sa_mask=[], sa_flags=SA_RESTORER, sa_restorer=0x7e5095a42520}, {sa_handler=0x7e5095c659d0, sa_mask=[], sa_flags=SA_RESTORER, sa_restorer=0x7e5095a42520}, 8) = 0
1371886 rt_sigaction(SIGTTIN, {sa_handler=SIG_DFL, sa_mask=[], sa_flags=SA_RESTORER, sa_restorer=0x7e5095a42520}, {sa_handler=0x7e5095c659d0, sa_mask=[], sa_flags=SA_RESTORER, sa_restorer=0x7e5095a42520}, 8) = 0
1371886 rt_sigaction(SIGWINCH, {sa_handler=SIG_DFL, sa_mask=[], sa_flags=SA_RESTORER, sa_restorer=0x7e5095a42520}, {sa_handler=0x7e5095c659e0, sa_mask=[], sa_flags=SA_RESTORER|SA_RESTART, sa_restorer=0x7e5095a42520}, 8) = 0
1371886 dup(0)                          = 4
1371886 dup(1)                          = 5
1371886 dup2(4, 0)                      = 0
1371886 dup2(5, 1)                      = 1
1371886 close(4)                        = 0
1371886 close(5)                        = 0
1371886 ioctl(0, TIOCGWINSZ, 0x7fff38ce59a8) = -1 ENOTTY (Inappropriate ioctl for device)
1371886 ioctl(0, TCGETS, 0x7fff38ce5940) = -1 ENOTTY (Inappropriate ioctl for device)
1371886 rt_sigprocmask(SIG_BLOCK, [HUP INT QUIT ALRM TERM TSTP TTIN TTOU], [], 8) = 0
1371886 rt_sigaction(SIGINT, {sa_handler=0x7e5095c659d0, sa_mask=[], sa_flags=SA_RESTORER, sa_restorer=0x7e5095a42520}, {sa_handler=0x407040, sa_mask=[], sa_flags=SA_RESTORER|SA_RESTART, sa_restorer=0x7e5095a42520}, 8) = 0
1371886 rt_sigaction(SIGTERM, {sa_handler=0x7e5095c659d0, sa_mask=[], sa_flags=SA_RESTORER, sa_restorer=0x7e5095a42520}, {sa_handler=0x407040, sa_mask=[], sa_flags=SA_RESTORER|SA_RESTART, sa_restorer=0x7e5095a42520}, 8) = 0
1371886 rt_sigaction(SIGHUP, {sa_handler=0x7e5095c659d0, sa_mask=[], sa_flags=SA_RESTORER, sa_restorer=0x7e5095a42520}, {sa_handler=SIG_DFL, sa_mask=[], sa_flags=SA_RESTORER, sa_restorer=0x7e5095a42520}, 8) = 0
1371886 rt_sigaction(SIGQUIT, {sa_handler=0x7e5095c659d0, sa_mask=[], sa_flags=SA_RESTORER, sa_restorer=0x7e5095a42520}, {sa_handler=SIG_IGN, sa_mask=[], sa_flags=SA_RESTORER, sa_restorer=0x7e5095a42520}, 8) = 0
1371886 rt_sigaction(SIGQUIT, {sa_handler=SIG_IGN, sa_mask=[], sa_flags=SA_RESTORER, sa_restorer=0x7e5095a42520}, {sa_handler=0x7e5095c659d0, sa_mask=[], sa_flags=SA_RESTORER, sa_restorer=0x7e5095a42520}, 8) = 0
1371886 rt_sigaction(SIGALRM, {sa_handler=0x7e5095c659d0, sa_mask=[], sa_flags=SA_RESTORER, sa_restorer=0x7e5095a42520}, {sa_handler=SIG_DFL, sa_mask=[], sa_flags=SA_RESTORER, sa_restorer=0x7e5095a42520}, 8) = 0
1371886 rt_sigaction(SIGTSTP, {sa_handler=0x7e5095c659d0, sa_mask=[], sa_flags=SA_RESTORER, sa_restorer=0x7e5095a42520}, {sa_handler=SIG_DFL, sa_mask=[], sa_flags=SA_RESTORER, sa_restorer=0x7e5095a42520}, 8) = 0
1371886 rt_sigaction(SIGTTOU, {sa_handler=0x7e5095c659d0, sa_mask=[], sa_flags=SA_RESTORER, sa_restorer=0x7e5095a42520}, {sa_handler=SIG_DFL, sa_mask=[], sa_flags=SA_RESTORER, sa_restorer=0x7e5095a42520}, 8) = 0
1371886 rt_sigaction(SIGTTIN, {sa_handler=0x7e5095c659d0, sa_mask=[], sa_flags=SA_RESTORER, sa_restorer=0x7e5095a42520}, {sa_handler=SIG_DFL, sa_mask=[], sa_flags=SA_RESTORER, sa_restorer=0x7e5095a42520}, 8) = 0
1371886 rt_sigprocmask(SIG_SETMASK, [], NULL, 8) = 0
1371886 rt_sigaction(SIGWINCH, {sa_handler=0x7e5095c659e0, sa_mask=[], sa_flags=SA_RESTORER|SA_RESTART, sa_restorer=0x7e5095a42520}, {sa_handler=SIG_DFL, sa_mask=[], sa_flags=SA_RESTORER, sa_restorer=0x7e5095a42520}, 8) = 0
1371886 write(1, "\33[32mminishell$ \33[0m", 20) = 20
1371886 pselect6(1, [0], NULL, NULL, NULL, {sigmask=[], sigsetsize=8}) = 1 (in [0])
1371886 read(0, "f", 1)                 = 1
1371886 pselect6(1, [0], NULL, [0], {tv_sec=0, tv_nsec=0}, NULL) = 1 (in [0], left {tv_sec=0, tv_nsec=0})
1371886 pselect6(1, [0], NULL, NULL, NULL, {sigmask=[], sigsetsize=8}) = 1 (in [0])
1371886 read(0, "o", 1)                 = 1
1371886 pselect6(1, [0], NULL, [0], {tv_sec=0, tv_nsec=0}, NULL) = 1 (in [0], left {tv_sec=0, tv_nsec=0})
1371886 pselect6(1, [0], NULL, NULL, NULL, {sigmask=[], sigsetsize=8}) = 1 (in [0])
1371886 read(0, "o", 1)                 = 1
1371886 pselect6(1, [0], NULL, [0], {tv_sec=0, tv_nsec=0}, NULL) = 1 (in [0], left {tv_sec=0, tv_nsec=0})
1371886 pselect6(1, [0], NULL, NULL, NULL, {sigmask=[], sigsetsize=8}) = 1 (in [0])
1371886 read(0, "\n", 1)                = 1
1371886 write(1, "foo", 3)              = 3
1371886 write(1, "\n", 1)               = 1
1371886 rt_sigaction(SIGINT, {sa_handler=0x407040, sa_mask=[], sa_flags=SA_RESTORER|SA_RESTART, sa_restorer=0x7e5095a42520}, {sa_handler=0x7e5095c659d0, sa_mask=[], sa_flags=SA_RESTORER, sa_restorer=0x7e5095a42520}, 8) = 0
1371886 rt_sigaction(SIGTERM, {sa_handler=0x407040, sa_mask=[], sa_flags=SA_RESTORER|SA_RESTART, sa_restorer=0x7e5095a42520}, {sa_handler=0x7e5095c659d0, sa_mask=[], sa_flags=SA_RESTORER, sa_restorer=0x7e5095a42520}, 8) = 0
1371886 rt_sigaction(SIGHUP, {sa_handler=SIG_DFL, sa_mask=[], sa_flags=SA_RESTORER, sa_restorer=0x7e5095a42520}, {sa_handler=0x7e5095c659d0, sa_mask=[], sa_flags=SA_RESTORER, sa_restorer=0x7e5095a42520}, 8) = 0
1371886 rt_sigaction(SIGALRM, {sa_handler=SIG_DFL, sa_mask=[], sa_flags=SA_RESTORER, sa_restorer=0x7e5095a42520}, {sa_handler=0x7e5095c659d0, sa_mask=[], sa_flags=SA_RESTORER, sa_restorer=0x7e5095a42520}, 8) = 0
1371886 rt_sigaction(SIGTSTP, {sa_handler=SIG_DFL, sa_mask=[], sa_flags=SA_RESTORER, sa_restorer=0x7e5095a42520}, {sa_handler=0x7e5095c659d0, sa_mask=[], sa_flags=SA_RESTORER, sa_restorer=0x7e5095a42520}, 8) = 0
1371886 rt_sigaction(SIGTTOU, {sa_handler=SIG_DFL, sa_mask=[], sa_flags=SA_RESTORER, sa_restorer=0x7e5095a42520}, {sa_handler=0x7e5095c659d0, sa_mask=[], sa_flags=SA_RESTORER, sa_restorer=0x7e5095a42520}, 8) = 0
1371886 rt_sigaction(SIGTTIN, {sa_handler=SIG_DFL, sa_mask=[], sa_flags=SA_RESTORER, sa_restorer=0x7e5095a42520}, {sa_handler=0x7e5095c659d0, sa_mask=[], sa_flags=SA_RESTORER, sa_restorer=0x7e5095a42520}, 8) = 0
1371886 rt_sigaction(SIGWINCH, {sa_handler=SIG_DFL, sa_mask=[], sa_flags=SA_RESTORER, sa_restorer=0x7e5095a42520}, {sa_handler=0x7e5095c659e0, sa_mask=[], sa_flags=SA_RESTORER|SA_RESTART, sa_restorer=0x7e5095a42520}, 8) = 0
1371886 access("/home/jyniemit/projects/mnshell-worktrees/main/.ms_mand/d1/foo", X_OK) = 0
1371886 --- SIGSEGV {si_signo=SIGSEGV, si_code=SEGV_MAPERR, si_addr=0xb62f000} ---
1371886 +++ killed by SIGSEGV (core dumped) +++
